MPASM  5.51                          MAIN.ASM   9-23-2022  17:59:14         PAGE  1


LOC  OBJECT CODE     LINE SOURCE TEXT
  VALUE

                      00001 ;blink_led.asm
                      00002 
Warning[205]: Found directive in column 1. (list)
                      00003 list P = 16F877A
Warning[205]: Found directive in column 1. (include)
                      00004 include P16F877A.inc
                      00001         LIST
                      00002 
                      00003 ;==========================================================================
                      00004 ;  MPASM PIC16F877A processor include
                      00005 ; 
                      00006 ;  (c) Copyright 1999-2013 Microchip Technology, All rights reserved
                      00007 ;==========================================================================
                      00008 
                      00566         LIST
                      00005 
                      00006 
  00000003            00007 STATUS EQU 0x03
  00000006            00008 PORTB EQU 0x06
  00000086            00009 TRISB EQU 0x86
  00000008            00010 PORTD EQU 0x08
  00000088            00011 TRISD EQU 0x88
                      00012 
Warning[205]: Found directive in column 1. (CBLOCK)
                      00013 CBLOCK 0x20
  00000020            00014                 Kount120us ;Delay count (number of instr cycles for Delay)
  00000021            00015                 Kount100us
  00000022            00016                 Kount1ms
  00000023            00017                 Kount10ms
  00000024            00018                 Kount1s
  00000025            00019                 Kount10s
  00000026            00020                 Kount1m
Warning[205]: Found directive in column 1. (ENDC)
                      00021 ENDC
                      00022 
                      00023 
Warning[205]: Found directive in column 1. (org)
0000                  00024 org 0x0000 ;line 1
0000   2805           00025                 goto START ;line 2 ($0000)
Warning[205]: Found directive in column 1. (org)
0005                  00026 org 0x05
0005                  00027 START
0005   1683 1303      00028                 banksel TRISD
                      00029         
0007   3000           00030                 movlw 0x00
Message[302]: Register in operand not in bank 0.  Ensure that bank bits are correct.
0008   0088           00031                 movwf TRISD
Message[302]: Register in operand not in bank 0.  Ensure that bank bits are correct.
0009   0086           00032                 movwf TRISB 
000A   1283 1303      00033                 banksel PORTB
000C   0186           00034                 clrf PORTB
000D   0188           00035                 clrf PORTD 
000E   204C           00036                 call Delay100ms
MPASM  5.51                          MAIN.ASM   9-23-2022  17:59:14         PAGE  2


LOC  OBJECT CODE     LINE SOURCE TEXT
  VALUE

                      00037                 
000F   30FF           00038 repeat  movlw 0xFF
0010   0086           00039                 movwf PORTB
0011   2034           00040                 Call Delay1s
0012   3000           00041                 movlw 0x00
0013   0086           00042                 movwf PORTB
0014   2034           00043                 Call Delay1s
0015   280F           00044                 goto repeat
                      00045 
                      00046 ;==========================================================
                      00047 ;DELAY SUBROUTINES
0016                  00048 Delay120us
0016   1283 1303      00049                 banksel Kount120us
0018   30C5           00050                 movlw H'C5' ;D'197'
0019   00A0           00051                 movwf Kount120us
001A                  00052 R120us
Message[305]: Using default destination of 1 (file).
001A   0BA0           00053                 decfsz Kount120us
001B   281A           00054                 goto R120us
001C   0008           00055                 return
                      00056 ;
001D                  00057 Delay100us
001D   1283 1303      00058                 banksel Kount100us
001F   30A4           00059                 movlw H'A4'
0020   00A1           00060                 movwf Kount100us
0021                  00061 R100us
Message[305]: Using default destination of 1 (file).
0021   0BA1           00062                 decfsz Kount100us
0022   2821           00063                 goto R100us
0023   0008           00064                 return
                      00065 ;
                      00066 ;1ms Delay
0024                  00067 Delay1ms
0024   1283 1303      00068                 banksel Kount1ms
0026   300A           00069                 movlw 0x0A ;10
0027   00A2           00070                 movwf Kount1ms
0028                  00071 R1ms 
0028   201D           00072                 call Delay100us
Message[305]: Using default destination of 1 (file).
0029   0BA2           00073                 decfsz Kount1ms
002A   2828           00074                 goto R1ms
002B   0008           00075                 return
                      00076 ;
                      00077 ;10ms Delay
                      00078 ; call 100 times of 100 us Delay (with some time discrepancy)
002C                  00079 Delay10ms
002C   1283 1303      00080                 banksel Kount10ms
002E   3064           00081                 movlw H'64' ;100
002F   00A3           00082                 movwf Kount10ms
0030                  00083 R10ms 
0030   201D           00084                 call Delay100us
Message[305]: Using default destination of 1 (file).
0031   0BA3           00085                 decfsz Kount10ms
MPASM  5.51                          MAIN.ASM   9-23-2022  17:59:14         PAGE  3


LOC  OBJECT CODE     LINE SOURCE TEXT
  VALUE

0032   2830           00086                 goto R10ms
0033   0008           00087                 return
                      00088 ;;
                      00089 ;1 sec Delay
                      00090 ;call 100 times of 10ms Delay
0034                  00091 Delay1s
0034   1283 1303      00092                 banksel Kount1s
0036   3064           00093                 movlw H'64'
0037   00A4           00094                 movwf Kount1s
0038                  00095 R1s 
0038   202C           00096                 call Delay10ms
Message[305]: Using default destination of 1 (file).
0039   0BA4           00097                 decfsz Kount1s
003A   2838           00098                 goto R1s
003B   0008           00099                 return
                      00100 ;;
                      00101 ;10 s Delay
                      00102 ;call 10 tiems of 1 s Delay
003C                  00103 Delay10s
003C   1283 1303      00104                 banksel Kount10s
003E   300A           00105                 movlw H'0A' ;10
003F   00A5           00106                 movwf Kount10s
0040                  00107 R10s 
0040   2034           00108                 call Delay1s
Message[305]: Using default destination of 1 (file).
0041   0BA5           00109                 decfsz Kount10s
0042   2840           00110                 goto R10s
0043   0008           00111                 return
                      00112 ;
                      00113 ;1 min Delay
                      00114 ;call 60 times of 1 sec Delay
0044                  00115 Delay1m
0044   1283 1303      00116                 banksel Kount1m
0046   303C           00117                 movlw H'3C' ;60
0047   00A6           00118                 movwf Kount1m
0048                  00119 R1m 
0048   2034           00120                 call Delay1s
Message[305]: Using default destination of 1 (file).
0049   0BA6           00121                 decfsz Kount1m
004A   2848           00122                 goto R1m
004B   0008           00123                 return
                      00124 
                      00125 ;;
                      00126 ;100 msec Delay
                      00127 ;call 10 times of 10ms Delay
004C                  00128 Delay100ms
004C   1283 1303      00129                 banksel Kount1s
004E   300A           00130                 movlw H'0A' ;10
004F   00A4           00131                 movwf Kount1s
0050                  00132 R100ms 
0050   202C           00133                 call Delay10ms
Message[305]: Using default destination of 1 (file).
0051   0BA4           00134                 decfsz Kount1s
MPASM  5.51                          MAIN.ASM   9-23-2022  17:59:14         PAGE  4


LOC  OBJECT CODE     LINE SOURCE TEXT
  VALUE

0052   2850           00135                 goto R100ms
0053   0008           00136                 return
                      00137 ;;
                      00138 ;======================================================
Warning[205]: Found directive in column 1. (END)
                      00139 END
MPASM  5.51                          MAIN.ASM   9-23-2022  17:59:14         PAGE  5


SYMBOL TABLE
  LABEL                             VALUE 

ACKDT                             00000005
ACKEN                             00000004
ACKSTAT                           00000006
ADCON0                            0000001F
ADCON1                            0000009F
ADCS0                             00000006
ADCS1                             00000007
ADCS2                             00000006
ADDEN                             00000003
ADFM                              00000007
ADIE                              00000006
ADIF                              00000006
ADON                              00000000
ADRESH                            0000001E
ADRESL                            0000009E
BCLIE                             00000003
BCLIF                             00000003
BF                                00000000
BRGH                              00000002
C                                 00000000
C1INV                             00000004
C1OUT                             00000006
C2INV                             00000005
C2OUT                             00000007
CCP1CON                           00000017
CCP1IE                            00000002
CCP1IF                            00000002
CCP1M0                            00000000
CCP1M1                            00000001
CCP1M2                            00000002
CCP1M3                            00000003
CCP1X                             00000005
CCP1Y                             00000004
CCP2CON                           0000001D
CCP2IE                            00000000
CCP2IF                            00000000
CCP2M0                            00000000
CCP2M1                            00000001
CCP2M2                            00000002
CCP2M3                            00000003
CCP2X                             00000005
CCP2Y                             00000004
CCPR1                             00000015
CCPR1H                            00000016
CCPR1L                            00000015
CCPR2                             0000001B
CCPR2H                            0000001C
CCPR2L                            0000001B
CHS0                              00000003
CHS1                              00000004
CHS2                              00000005
CIS                               00000003
CKE                               00000006
MPASM  5.51                          MAIN.ASM   9-23-2022  17:59:14         PAGE  6


SYMBOL TABLE
  LABEL                             VALUE 

CKP                               00000004
CM0                               00000000
CM1                               00000001
CM2                               00000002
CMCON                             0000009C
CMIE                              00000006
CMIF                              00000006
CREN                              00000004
CSRC                              00000007
CVR0                              00000000
CVR1                              00000001
CVR2                              00000002
CVR3                              00000003
CVRCON                            0000009D
CVREN                             00000007
CVROE                             00000006
CVRR                              00000005
D                                 00000005
DATA_ADDRESS                      00000005
DC                                00000001
D_A                               00000005
D_NOT_A                           00000005
Delay100ms                        0000004C
Delay100us                        0000001D
Delay10ms                         0000002C
Delay10s                          0000003C
Delay120us                        00000016
Delay1m                           00000044
Delay1ms                          00000024
Delay1s                           00000034
EEADR                             0000010D
EEADRH                            0000010F
EECON1                            0000018C
EECON2                            0000018D
EEDATA                            0000010C
EEDATH                            0000010E
EEIE                              00000004
EEIF                              00000004
EEPGD                             00000007
F                                 00000001
FERR                              00000002
FSR                               00000004
GCEN                              00000007
GIE                               00000007
GO                                00000002
GO_DONE                           00000002
GO_NOT_DONE                       00000002
I2C_DATA                          00000005
I2C_READ                          00000002
I2C_START                         00000003
I2C_STOP                          00000004
IBF                               00000007
IBOV                              00000005
MPASM  5.51                          MAIN.ASM   9-23-2022  17:59:14         PAGE  7


SYMBOL TABLE
  LABEL                             VALUE 

INDF                              00000000
INTCON                            0000000B
INTE                              00000004
INTEDG                            00000006
INTF                              00000001
IRP                               00000007
Kount100us                        00000021
Kount10ms                         00000023
Kount10s                          00000025
Kount120us                        00000020
Kount1m                           00000026
Kount1ms                          00000022
Kount1s                           00000024
NOT_A                             00000005
NOT_ADDRESS                       00000005
NOT_BO                            00000000
NOT_BOR                           00000000
NOT_DONE                          00000002
NOT_PD                            00000003
NOT_POR                           00000001
NOT_RBPU                          00000007
NOT_RC8                           00000006
NOT_T1SYNC                        00000002
NOT_TO                            00000004
NOT_TX8                           00000006
NOT_W                             00000002
NOT_WRITE                         00000002
OBF                               00000006
OERR                              00000001
OPTION_REG                        00000081
P                                 00000004
PCFG0                             00000000
PCFG1                             00000001
PCFG2                             00000002
PCFG3                             00000003
PCL                               00000002
PCLATH                            0000000A
PCON                              0000008E
PEIE                              00000006
PEN                               00000002
PIE1                              0000008C
PIE2                              0000008D
PIR1                              0000000C
PIR2                              0000000D
PORTA                             00000005
PORTB                             00000006
PORTC                             00000007
PORTD                             00000008
PORTE                             00000009
PR2                               00000092
PS0                               00000000
PS1                               00000001
PS2                               00000002
MPASM  5.51                          MAIN.ASM   9-23-2022  17:59:14         PAGE  8


SYMBOL TABLE
  LABEL                             VALUE 

PSA                               00000003
PSPIE                             00000007
PSPIF                             00000007
PSPMODE                           00000004
R                                 00000002
R100ms                            00000050
R100us                            00000021
R10ms                             00000030
R10s                              00000040
R120us                            0000001A
R1m                               00000048
R1ms                              00000028
R1s                               00000038
RA0                               00000000
RA1                               00000001
RA2                               00000002
RA3                               00000003
RA4                               00000004
RA5                               00000005
RB0                               00000000
RB1                               00000001
RB2                               00000002
RB3                               00000003
RB4                               00000004
RB5                               00000005
RB6                               00000006
RB7                               00000007
RBIE                              00000003
RBIF                              00000000
RC0                               00000000
RC1                               00000001
RC2                               00000002
RC3                               00000003
RC4                               00000004
RC5                               00000005
RC6                               00000006
RC7                               00000007
RC8_9                             00000006
RC9                               00000006
RCD8                              00000000
RCEN                              00000003
RCIE                              00000005
RCIF                              00000005
RCREG                             0000001A
RCSTA                             00000018
RD                                00000000
RD0                               00000000
RD1                               00000001
RD2                               00000002
RD3                               00000003
RD4                               00000004
RD5                               00000005
RD6                               00000006
MPASM  5.51                          MAIN.ASM   9-23-2022  17:59:14         PAGE  9


SYMBOL TABLE
  LABEL                             VALUE 

RD7                               00000007
RE0                               00000000
RE1                               00000001
RE2                               00000002
READ_WRITE                        00000002
RP0                               00000005
RP1                               00000006
RSEN                              00000001
RX9                               00000006
RX9D                              00000000
R_NOT_W                           00000002
R_W                               00000002
S                                 00000003
SEN                               00000000
SMP                               00000007
SPBRG                             00000099
SPEN                              00000007
SREN                              00000005
SSPADD                            00000093
SSPBUF                            00000013
SSPCON                            00000014
SSPCON2                           00000091
SSPEN                             00000005
SSPIE                             00000003
SSPIF                             00000003
SSPM0                             00000000
SSPM1                             00000001
SSPM2                             00000002
SSPM3                             00000003
SSPOV                             00000006
SSPSTAT                           00000094
START                             00000005
STATUS                            00000003
SYNC                              00000004
T0CS                              00000005
T0IE                              00000005
T0IF                              00000002
T0SE                              00000004
T1CKPS0                           00000004
T1CKPS1                           00000005
T1CON                             00000010
T1INSYNC                          00000002
T1OSCEN                           00000003
T1SYNC                            00000002
T2CKPS0                           00000000
T2CKPS1                           00000001
T2CON                             00000012
TMR0                              00000001
TMR0IE                            00000005
TMR0IF                            00000002
TMR1                              0000000E
TMR1CS                            00000001
TMR1H                             0000000F
MPASM  5.51                          MAIN.ASM   9-23-2022  17:59:14         PAGE 10


SYMBOL TABLE
  LABEL                             VALUE 

TMR1IE                            00000000
TMR1IF                            00000000
TMR1L                             0000000E
TMR1ON                            00000000
TMR2                              00000011
TMR2IE                            00000001
TMR2IF                            00000001
TMR2ON                            00000002
TOUTPS0                           00000003
TOUTPS1                           00000004
TOUTPS2                           00000005
TOUTPS3                           00000006
TRISA                             00000085
TRISA0                            00000000
TRISA1                            00000001
TRISA2                            00000002
TRISA3                            00000003
TRISA4                            00000004
TRISA5                            00000005
TRISB                             00000086
TRISB0                            00000000
TRISB1                            00000001
TRISB2                            00000002
TRISB3                            00000003
TRISB4                            00000004
TRISB5                            00000005
TRISB6                            00000006
TRISB7                            00000007
TRISC                             00000087
TRISC0                            00000000
TRISC1                            00000001
TRISC2                            00000002
TRISC3                            00000003
TRISC4                            00000004
TRISC5                            00000005
TRISC6                            00000006
TRISC7                            00000007
TRISD                             00000088
TRISD0                            00000000
TRISD1                            00000001
TRISD2                            00000002
TRISD3                            00000003
TRISD4                            00000004
TRISD5                            00000005
TRISD6                            00000006
TRISD7                            00000007
TRISE                             00000089
TRISE0                            00000000
TRISE1                            00000001
TRISE2                            00000002
TRMT                              00000001
TX8_9                             00000006
TX9                               00000006
MPASM  5.51                          MAIN.ASM   9-23-2022  17:59:14         PAGE 11


SYMBOL TABLE
  LABEL                             VALUE 

TX9D                              00000000
TXD8                              00000000
TXEN                              00000005
TXIE                              00000004
TXIF                              00000004
TXREG                             00000019
TXSTA                             00000098
UA                                00000001
W                                 00000000
WCOL                              00000007
WR                                00000001
WREN                              00000002
WRERR                             00000003
Z                                 00000002
_BODEN_OFF                        00003FBF
_BODEN_ON                         00003FFF
_BOREN_OFF                        00003FBF
_BOREN_ON                         00003FFF
_CONFIG                           00002007
_CPD_OFF                          00003FFF
_CPD_ON                           00003EFF
_CP_ALL                           00001FFF
_CP_OFF                           00003FFF
_CP_ON                            00001FFF
_DEBUG_OFF                        00003FFF
_DEBUG_ON                         000037FF
_DEVID1                           00002006
_FOSC_EXTRC                       00003FFF
_FOSC_HS                          00003FFE
_FOSC_LP                          00003FFC
_FOSC_XT                          00003FFD
_HS_OSC                           00003FFE
_IDLOC0                           00002000
_IDLOC1                           00002001
_IDLOC2                           00002002
_IDLOC3                           00002003
_LP_OSC                           00003FFC
_LVP_OFF                          00003F7F
_LVP_ON                           00003FFF
_PWRTE_OFF                        00003FFF
_PWRTE_ON                         00003FF7
_RC_OSC                           00003FFF
_WDTE_OFF                         00003FFB
_WDTE_ON                          00003FFF
_WDT_OFF                          00003FFB
_WDT_ON                           00003FFF
_WRT_1FOURTH                      00003BFF
_WRT_256                          00003DFF
_WRT_HALF                         000039FF
_WRT_OFF                          00003FFF
_XT_OSC                           00003FFD
__16F877A                         00000001
__DEBUG                           1
MPASM  5.51                          MAIN.ASM   9-23-2022  17:59:14         PAGE 12


SYMBOL TABLE
  LABEL                             VALUE 

__MPLAB_DEBUGGER_PK3              1
repeat                            0000000F


MEMORY USAGE MAP ('X' = Used,  '-' = Unused)

0000 : X----XXXXXXXXXXX XXXXXXXXXXXXXXXX XXXXXXXXXXXXXXXX XXXXXXXXXXXXXXXX
0040 : XXXXXXXXXXXXXXXX XXXX------------ ---------------- ----------------

All other memory blocks unused.

Program Memory Words Used:    80
Program Memory Words Free:  8112


Errors   :     0
Warnings :     7 reported,     0 suppressed
Messages :    10 reported,     0 suppressed

